2016-01-31 12:44:45,772 Performance - ---------------------------------------------------
CPU Usage: 0.00%, Physical Memory Usage: 38,899,712.00, Total Thread Count: 22
AvailableWorkingThreads: 32766, AvailableCompletionPortThreads: 1000
MaxWorkingThreads: 32767, MaxCompletionPortThreads: 1000
GameService ----------------------------------
Started Time: 2016/1/31 12:44:45
Is Running: True
Total Connections: 0
Maximum Allowed Connection Number: 1000
Total Handled Requests: 0
Request Handling Speed (#/second): 0
Avialable Sending Queue Items: 256
Total Sending Queue Items: 256

2016-01-31 13:43:12,705 Performance - ---------------------------------------------------
CPU Usage: 0.00%, Physical Memory Usage: 36,347,904.00, Total Thread Count: 21
AvailableWorkingThreads: 32766, AvailableCompletionPortThreads: 1000
MaxWorkingThreads: 32767, MaxCompletionPortThreads: 1000
GameService ----------------------------------
Started Time: 2016/1/31 13:43:12
Is Running: True
Total Connections: 0
Maximum Allowed Connection Number: 1000
Total Handled Requests: 0
Request Handling Speed (#/second): 0
Avialable Sending Queue Items: 256
Total Sending Queue Items: 256

